<?xml version="1.0" encoding="UTF-8"?>
<testng-results ignored="0" total="1" passed="1" failed="0" skipped="0">
  <reporter-output>
  </reporter-output>
  <suite started-at="2024-07-04T17:05:59 IST" name="Default suite" finished-at="2024-07-04T17:06:38 IST" duration-ms="38842">
    <groups>
    </groups>
    <test started-at="2024-07-04T17:05:59 IST" name="Default test" finished-at="2024-07-04T17:06:38 IST" duration-ms="38842">
      <class name="businessscript.SeleniumProg">
        <test-method signature="hardwork()[pri:0, instance:businessscript.SeleniumProg@45d84a20]" started-at="2024-07-04T17:05:59 IST" name="hardwork" finished-at="2024-07-04T17:06:38 IST" duration-ms="38767" status="PASS">
          <reporter-output>
          </reporter-output>
        </test-method> <!-- hardwork -->
      </class> <!-- businessscript.SeleniumProg -->
    </test> <!-- Default test -->
  </suite> <!-- Default suite -->
</testng-results>
